2018-10-24 16:16:51.125 [WARN ] com.netflix.config.sources.URLConfigurationSource - No URLs will be polled as dynamic configuration sources.
2018-10-24 16:16:56.387 [WARN ] org.springframework.boot.autoconfigure.orm.jpa.JpaBaseConfiguration$JpaWebConfiguration$JpaWebMvcConfiguration - spring.jpa.open-in-view is enabled by default. Therefore, database queries may be performed during view rendering. Explicitly configure spring.jpa.open-in-view to disable this warning
2018-10-24 16:16:57.053 [WARN ] com.netflix.config.sources.URLConfigurationSource - No URLs will be polled as dynamic configuration sources.
2018-10-24 16:17:02.859 [WARN ] org.apache.catalina.loader.WebappClassLoaderBase - The web application [ROOT] appears to have started a thread named [lettuce-eventExecutorLoop-1-1] but has failed to stop it. This is very likely to create a memory leak. Stack trace of thread:
 sun.misc.Unsafe.park(Native Method)
 java.util.concurrent.locks.LockSupport.parkNanos(Unknown Source)
 java.util.concurrent.locks.AbstractQueuedSynchronizer$ConditionObject.awaitNanos(Unknown Source)
 java.util.concurrent.LinkedBlockingQueue.poll(Unknown Source)
 io.netty.util.concurrent.SingleThreadEventExecutor.takeTask(SingleThreadEventExecutor.java:251)
 io.netty.util.concurrent.DefaultEventExecutor.run(DefaultEventExecutor.java:64)
 io.netty.util.concurrent.SingleThreadEventExecutor$5.run(SingleThreadEventExecutor.java:884)
 io.netty.util.concurrent.FastThreadLocalRunnable.run(FastThreadLocalRunnable.java:30)
 java.lang.Thread.run(Unknown Source)
2018-10-24 16:17:02.860 [WARN ] org.apache.catalina.loader.WebappClassLoaderBase - The web application [ROOT] appears to have started a thread named [spring.cloud.inetutils] but has failed to stop it. This is very likely to create a memory leak. Stack trace of thread:
 sun.misc.Unsafe.park(Native Method)
 java.util.concurrent.locks.LockSupport.park(Unknown Source)
 java.util.concurrent.locks.AbstractQueuedSynchronizer$ConditionObject.await(Unknown Source)
 java.util.concurrent.LinkedBlockingQueue.take(Unknown Source)
 java.util.concurrent.ThreadPoolExecutor.getTask(Unknown Source)
 java.util.concurrent.ThreadPoolExecutor.runWorker(Unknown Source)
 java.util.concurrent.ThreadPoolExecutor$Worker.run(Unknown Source)
 java.lang.Thread.run(Unknown Source)
2018-10-24 16:17:02.861 [WARN ] org.apache.catalina.loader.WebappClassLoaderBase - The web application [ROOT] appears to have started a thread named [RxIoScheduler-1 (Evictor)] but has failed to stop it. This is very likely to create a memory leak. Stack trace of thread:
 sun.misc.Unsafe.park(Native Method)
 java.util.concurrent.locks.LockSupport.parkNanos(Unknown Source)
 java.util.concurrent.locks.AbstractQueuedSynchronizer$ConditionObject.awaitNanos(Unknown Source)
 java.util.concurrent.ScheduledThreadPoolExecutor$DelayedWorkQueue.take(Unknown Source)
 java.util.concurrent.ScheduledThreadPoolExecutor$DelayedWorkQueue.take(Unknown Source)
 java.util.concurrent.ThreadPoolExecutor.getTask(Unknown Source)
 java.util.concurrent.ThreadPoolExecutor.runWorker(Unknown Source)
 java.util.concurrent.ThreadPoolExecutor$Worker.run(Unknown Source)
 java.lang.Thread.run(Unknown Source)
2018-10-24 16:17:02.882 [WARN ] com.netflix.discovery.DiscoveryClient - Saw local status change event StatusChangeEvent [timestamp=1540369022882, current=DOWN, previous=UP]
2018-10-24 16:17:04.047 [WARN ] org.springframework.context.annotation.CommonAnnotationBeanPostProcessor - Invocation of destroy method failed on bean with name 'scopedTarget.eurekaClient': org.springframework.beans.factory.BeanCreationNotAllowedException: Error creating bean with name 'eurekaInstanceConfigBean': Singleton bean creation not allowed while singletons of this factory are in destruction (Do not request a bean from a BeanFactory in a destroy method implementation!)
2018-10-24 16:17:46.926 [WARN ] com.netflix.config.sources.URLConfigurationSource - No URLs will be polled as dynamic configuration sources.
2018-10-24 16:17:51.867 [WARN ] org.springframework.boot.autoconfigure.orm.jpa.JpaBaseConfiguration$JpaWebConfiguration$JpaWebMvcConfiguration - spring.jpa.open-in-view is enabled by default. Therefore, database queries may be performed during view rendering. Explicitly configure spring.jpa.open-in-view to disable this warning
2018-10-24 16:17:52.482 [WARN ] com.netflix.config.sources.URLConfigurationSource - No URLs will be polled as dynamic configuration sources.
2018-10-24 16:17:57.865 [WARN ] de.codecentric.boot.admin.client.registration.ApplicationRegistrator - Failed to register application as Application(name=app-datacenter, managementUrl=http://SKY-20150406KIP:8089/actuator, healthUrl=http://SKY-20150406KIP:8089/actuator/health, serviceUrl=http://SKY-20150406KIP:8089/, metadata={startup=2018-10-24T16:17:54.143+08:00}) at spring-boot-admin ([http://localhost:6667/instances]): I/O error on POST request for "http://localhost:6667/instances": Connection refused: connect; nested exception is java.net.ConnectException: Connection refused: connect. Further attempts are logged on DEBUG level
2018-10-24 17:44:30.538 [WARN ] com.netflix.config.sources.URLConfigurationSource - No URLs will be polled as dynamic configuration sources.
2018-10-24 17:44:36.815 [WARN ] org.springframework.boot.autoconfigure.orm.jpa.JpaBaseConfiguration$JpaWebConfiguration$JpaWebMvcConfiguration - spring.jpa.open-in-view is enabled by default. Therefore, database queries may be performed during view rendering. Explicitly configure spring.jpa.open-in-view to disable this warning
2018-10-24 17:44:37.448 [WARN ] com.netflix.config.sources.URLConfigurationSource - No URLs will be polled as dynamic configuration sources.
2018-10-24 17:44:42.075 [WARN ] springfox.documentation.spring.web.readers.parameter.ParameterDataTypeReader - Trying to infer dataType long[]
2018-10-24 17:44:42.106 [WARN ] springfox.documentation.spring.web.readers.parameter.ParameterDataTypeReader - Trying to infer dataType long[]
2018-10-24 17:44:42.673 [WARN ] org.apache.catalina.loader.WebappClassLoaderBase - The web application [ROOT] appears to have started a thread named [lettuce-eventExecutorLoop-1-1] but has failed to stop it. This is very likely to create a memory leak. Stack trace of thread:
 sun.misc.Unsafe.park(Native Method)
 java.util.concurrent.locks.LockSupport.parkNanos(Unknown Source)
 java.util.concurrent.locks.AbstractQueuedSynchronizer$ConditionObject.awaitNanos(Unknown Source)
 java.util.concurrent.LinkedBlockingQueue.poll(Unknown Source)
 io.netty.util.concurrent.SingleThreadEventExecutor.takeTask(SingleThreadEventExecutor.java:251)
 io.netty.util.concurrent.DefaultEventExecutor.run(DefaultEventExecutor.java:64)
 io.netty.util.concurrent.SingleThreadEventExecutor$5.run(SingleThreadEventExecutor.java:884)
 io.netty.util.concurrent.FastThreadLocalRunnable.run(FastThreadLocalRunnable.java:30)
 java.lang.Thread.run(Unknown Source)
2018-10-24 17:44:42.673 [WARN ] org.apache.catalina.loader.WebappClassLoaderBase - The web application [ROOT] appears to have started a thread named [spring.cloud.inetutils] but has failed to stop it. This is very likely to create a memory leak. Stack trace of thread:
 sun.misc.Unsafe.park(Native Method)
 java.util.concurrent.locks.LockSupport.park(Unknown Source)
 java.util.concurrent.locks.AbstractQueuedSynchronizer$ConditionObject.await(Unknown Source)
 java.util.concurrent.LinkedBlockingQueue.take(Unknown Source)
 java.util.concurrent.ThreadPoolExecutor.getTask(Unknown Source)
 java.util.concurrent.ThreadPoolExecutor.runWorker(Unknown Source)
 java.util.concurrent.ThreadPoolExecutor$Worker.run(Unknown Source)
 java.lang.Thread.run(Unknown Source)
2018-10-24 17:44:42.674 [WARN ] org.apache.catalina.loader.WebappClassLoaderBase - The web application [ROOT] appears to have started a thread named [RxIoScheduler-1 (Evictor)] but has failed to stop it. This is very likely to create a memory leak. Stack trace of thread:
 sun.misc.Unsafe.park(Native Method)
 java.util.concurrent.locks.LockSupport.parkNanos(Unknown Source)
 java.util.concurrent.locks.AbstractQueuedSynchronizer$ConditionObject.awaitNanos(Unknown Source)
 java.util.concurrent.ScheduledThreadPoolExecutor$DelayedWorkQueue.take(Unknown Source)
 java.util.concurrent.ScheduledThreadPoolExecutor$DelayedWorkQueue.take(Unknown Source)
 java.util.concurrent.ThreadPoolExecutor.getTask(Unknown Source)
 java.util.concurrent.ThreadPoolExecutor.runWorker(Unknown Source)
 java.util.concurrent.ThreadPoolExecutor$Worker.run(Unknown Source)
 java.lang.Thread.run(Unknown Source)
2018-10-24 17:44:42.692 [WARN ] com.netflix.discovery.DiscoveryClient - Saw local status change event StatusChangeEvent [timestamp=1540374282692, current=DOWN, previous=UP]
2018-10-24 17:44:43.893 [WARN ] org.springframework.context.annotation.CommonAnnotationBeanPostProcessor - Invocation of destroy method failed on bean with name 'scopedTarget.eurekaClient': org.springframework.beans.factory.BeanCreationNotAllowedException: Error creating bean with name 'eurekaInstanceConfigBean': Singleton bean creation not allowed while singletons of this factory are in destruction (Do not request a bean from a BeanFactory in a destroy method implementation!)
2018-10-24 17:45:14.183 [WARN ] com.netflix.config.sources.URLConfigurationSource - No URLs will be polled as dynamic configuration sources.
2018-10-24 17:45:19.264 [WARN ] org.springframework.boot.autoconfigure.orm.jpa.JpaBaseConfiguration$JpaWebConfiguration$JpaWebMvcConfiguration - spring.jpa.open-in-view is enabled by default. Therefore, database queries may be performed during view rendering. Explicitly configure spring.jpa.open-in-view to disable this warning
2018-10-24 17:45:19.839 [WARN ] com.netflix.config.sources.URLConfigurationSource - No URLs will be polled as dynamic configuration sources.
2018-10-24 17:45:23.984 [WARN ] springfox.documentation.spring.web.readers.parameter.ParameterDataTypeReader - Trying to infer dataType long[]
2018-10-24 17:45:24.019 [WARN ] springfox.documentation.spring.web.readers.parameter.ParameterDataTypeReader - Trying to infer dataType long[]
2018-10-24 17:45:25.670 [WARN ] de.codecentric.boot.admin.client.registration.ApplicationRegistrator - Failed to register application as Application(name=app-datacenter, managementUrl=http://SKY-20150406KIP:8089/actuator, healthUrl=http://SKY-20150406KIP:8089/actuator/health, serviceUrl=http://SKY-20150406KIP:8089/, metadata={startup=2018-10-24T17:45:21.36+08:00}) at spring-boot-admin ([http://localhost:6667/instances]): I/O error on POST request for "http://localhost:6667/instances": Connection refused: connect; nested exception is java.net.ConnectException: Connection refused: connect. Further attempts are logged on DEBUG level
2018-10-24 17:57:58.584 [WARN ] com.netflix.config.sources.URLConfigurationSource - No URLs will be polled as dynamic configuration sources.
2018-10-24 17:58:03.906 [WARN ] org.springframework.boot.autoconfigure.orm.jpa.JpaBaseConfiguration$JpaWebConfiguration$JpaWebMvcConfiguration - spring.jpa.open-in-view is enabled by default. Therefore, database queries may be performed during view rendering. Explicitly configure spring.jpa.open-in-view to disable this warning
2018-10-24 17:58:04.476 [WARN ] com.netflix.config.sources.URLConfigurationSource - No URLs will be polled as dynamic configuration sources.
2018-10-24 17:58:08.419 [WARN ] springfox.documentation.spring.web.readers.parameter.ParameterDataTypeReader - Trying to infer dataType long[]
2018-10-24 17:58:08.453 [WARN ] springfox.documentation.spring.web.readers.parameter.ParameterDataTypeReader - Trying to infer dataType long[]
2018-10-24 17:58:10.129 [WARN ] de.codecentric.boot.admin.client.registration.ApplicationRegistrator - Failed to register application as Application(name=app-datacenter, managementUrl=http://SKY-20150406KIP:8089/actuator, healthUrl=http://SKY-20150406KIP:8089/actuator/health, serviceUrl=http://SKY-20150406KIP:8089/, metadata={startup=2018-10-24T17:58:05.996+08:00}) at spring-boot-admin ([http://localhost:6667/instances]): I/O error on POST request for "http://localhost:6667/instances": Connection refused: connect; nested exception is java.net.ConnectException: Connection refused: connect. Further attempts are logged on DEBUG level
